<?xml version="1.0" encoding="UTF-8"?>
<testng-results skipped="0" failed="0" ignored="0" total="2" passed="2">
  <reporter-output>
  </reporter-output>
  <suite name="com.anyaut.qa.testcases.LoginPageTest" duration-ms="28304" started-at="2019-08-01T08:51:59Z" finished-at="2019-08-01T08:52:27Z">
    <groups>
    </groups>
    <test name="Command line test" duration-ms="28304" started-at="2019-08-01T08:51:59Z" finished-at="2019-08-01T08:52:27Z">
      <class name="com.anyaut.qa.testcases.LoginPageTest">
        <test-method status="PASS" signature="setExtent()[pri:0, instance:com.anyaut.qa.testcases.LoginPageTest@68837a77]" name="setExtent" is-config="true" duration-ms="504" started-at="2019-08-01T14:21:59Z" finished-at="2019-08-01T14:22:00Z">
          <reporter-output>
          </reporter-output>
        </test-method> <!-- setExtent -->
        <test-method status="PASS" signature="setup()[pri:0, instance:com.anyaut.qa.testcases.LoginPageTest@68837a77]" name="setup" is-config="true" duration-ms="13321" started-at="2019-08-01T14:22:00Z" finished-at="2019-08-01T14:22:13Z">
          <reporter-output>
          </reporter-output>
        </test-method> <!-- setup -->
        <test-method status="PASS" signature="AnyAUTLogoTest()[pri:0, instance:com.anyaut.qa.testcases.LoginPageTest@68837a77]" name="AnyAUTLogoTest" duration-ms="107" started-at="2019-08-01T14:22:13Z" finished-at="2019-08-01T14:22:13Z">
          <reporter-output>
          </reporter-output>
        </test-method> <!-- AnyAUTLogoTest -->
        <test-method status="PASS" signature="tearDown(org.testng.ITestResult)[pri:0, instance:com.anyaut.qa.testcases.LoginPageTest@68837a77]" name="tearDown" is-config="true" duration-ms="1345" started-at="2019-08-01T14:22:13Z" finished-at="2019-08-01T14:22:14Z">
          <params>
            <param index="0">
              <value>
                <![CDATA[[TestResult name=AnyAUTLogoTest status=SUCCESS method=LoginPageTest.AnyAUTLogoTest()[pri:0, instance:com.anyaut.qa.testcases.LoginPageTest@68837a77] output={null}]]]>
              </value>
            </param>
          </params>
          <reporter-output>
          </reporter-output>
        </test-method> <!-- tearDown -->
        <test-method status="PASS" signature="setup()[pri:0, instance:com.anyaut.qa.testcases.LoginPageTest@68837a77]" name="setup" is-config="true" duration-ms="11069" started-at="2019-08-01T14:22:14Z" finished-at="2019-08-01T14:22:25Z">
          <reporter-output>
          </reporter-output>
        </test-method> <!-- setup -->
        <test-method status="PASS" signature="AnyAUTTitleTest()[pri:0, instance:com.anyaut.qa.testcases.LoginPageTest@68837a77]" name="AnyAUTTitleTest" duration-ms="14" started-at="2019-08-01T14:22:25Z" finished-at="2019-08-01T14:22:25Z">
          <reporter-output>
          </reporter-output>
        </test-method> <!-- AnyAUTTitleTest -->
        <test-method status="PASS" signature="tearDown(org.testng.ITestResult)[pri:0, instance:com.anyaut.qa.testcases.LoginPageTest@68837a77]" name="tearDown" is-config="true" duration-ms="1166" started-at="2019-08-01T14:22:25Z" finished-at="2019-08-01T14:22:27Z">
          <params>
            <param index="0">
              <value>
                <![CDATA[[TestResult name=AnyAUTTitleTest status=SUCCESS method=LoginPageTest.AnyAUTTitleTest()[pri:0, instance:com.anyaut.qa.testcases.LoginPageTest@68837a77] output={null}]]]>
              </value>
            </param>
          </params>
          <reporter-output>
          </reporter-output>
        </test-method> <!-- tearDown -->
        <test-method status="PASS" signature="endReport()[pri:0, instance:com.anyaut.qa.testcases.LoginPageTest@68837a77]" name="endReport" is-config="true" duration-ms="741" started-at="2019-08-01T14:22:27Z" finished-at="2019-08-01T14:22:27Z">
          <reporter-output>
          </reporter-output>
        </test-method> <!-- endReport -->
      </class> <!-- com.anyaut.qa.testcases.LoginPageTest -->
    </test> <!-- Command line test -->
  </suite> <!-- com.anyaut.qa.testcases.LoginPageTest -->
</testng-results>
